{"/home/user/float/components/BackendMeditationCall.tsx": {"path":"/home/user/float/components/BackendMeditationCall.tsx","statementMap":{"0":{"start":{"line":34,"column":27},"end":{"line":55,"column":1}},"1":{"start":{"line":35,"column":43},"end":{"line":41,"column":3}},"2":{"start":{"line":43,"column":2},"end":{"line":53,"column":5}},"3":{"start":{"line":44,"column":4},"end":{"line":46,"column":5}},"4":{"start":{"line":45,"column":6},"end":{"line":45,"column":13}},"5":{"start":{"line":48,"column":4},"end":{"line":48,"column":83}},"6":{"start":{"line":48,"column":27},"end":{"line":48,"column":83}},"7":{"start":{"line":49,"column":4},"end":{"line":49,"column":79}},"8":{"start":{"line":49,"column":35},"end":{"line":49,"column":79}},"9":{"start":{"line":50,"column":4},"end":{"line":50,"column":80}},"10":{"start":{"line":50,"column":26},"end":{"line":50,"column":80}},"11":{"start":{"line":51,"column":4},"end":{"line":51,"column":68}},"12":{"start":{"line":51,"column":22},"end":{"line":51,"column":68}},"13":{"start":{"line":52,"column":4},"end":{"line":52,"column":59}},"14":{"start":{"line":52,"column":19},"end":{"line":52,"column":59}},"15":{"start":{"line":54,"column":2},"end":{"line":54,"column":25}},"16":{"start":{"line":57,"column":28},"end":{"line":57,"column":77}},"17":{"start":{"line":59,"column":0},"end":{"line":61,"column":1}},"18":{"start":{"line":60,"column":2},"end":{"line":60,"column":94}},"19":{"start":{"line":73,"column":15},"end":{"line":73,"column":69}},"20":{"start":{"line":76,"column":18},"end":{"line":76,"column":67}},"21":{"start":{"line":76,"column":52},"end":{"line":76,"column":66}},"22":{"start":{"line":77,"column":2},"end":{"line":79,"column":3}},"23":{"start":{"line":78,"column":4},"end":{"line":78,"column":78}},"24":{"start":{"line":81,"column":18},"end":{"line":88,"column":3}},"25":{"start":{"line":90,"column":2},"end":{"line":124,"column":3}},"26":{"start":{"line":91,"column":25},"end":{"line":97,"column":6}},"27":{"start":{"line":99,"column":4},"end":{"line":103,"column":5}},"28":{"start":{"line":100,"column":24},"end":{"line":100,"column":49}},"29":{"start":{"line":101,"column":6},"end":{"line":101,"column":87}},"30":{"start":{"line":102,"column":6},"end":{"line":102,"column":98}},"31":{"start":{"line":107,"column":33},"end":{"line":107,"column":58}},"32":{"start":{"line":109,"column":4},"end":{"line":115,"column":5}},"33":{"start":{"line":110,"column":6},"end":{"line":113,"column":8}},"34":{"start":{"line":114,"column":6},"end":{"line":114,"column":65}},"35":{"start":{"line":117,"column":4},"end":{"line":117,"column":65}},"36":{"start":{"line":118,"column":16},"end":{"line":118,"column":69}},"37":{"start":{"line":119,"column":30},"end":{"line":119,"column":67}},"38":{"start":{"line":120,"column":4},"end":{"line":120,"column":80}},"39":{"start":{"line":122,"column":4},"end":{"line":122,"column":72}},"40":{"start":{"line":123,"column":4},"end":{"line":123,"column":16}},"41":{"start":{"line":130,"column":27},"end":{"line":155,"column":1}},"42":{"start":{"line":131,"column":2},"end":{"line":154,"column":3}},"43":{"start":{"line":132,"column":4},"end":{"line":143,"column":5}},"44":{"start":{"line":133,"column":29},"end":{"line":133,"column":50}},"45":{"start":{"line":134,"column":26},"end":{"line":134,"column":58}},"46":{"start":{"line":135,"column":6},"end":{"line":137,"column":7}},"47":{"start":{"line":135,"column":19},"end":{"line":135,"column":20}},"48":{"start":{"line":136,"column":8},"end":{"line":136,"column":54}},"49":{"start":{"line":138,"column":24},"end":{"line":138,"column":51}},"50":{"start":{"line":139,"column":19},"end":{"line":139,"column":63}},"51":{"start":{"line":140,"column":18},"end":{"line":140,"column":43}},"52":{"start":{"line":141,"column":6},"end":{"line":141,"column":51}},"53":{"start":{"line":142,"column":6},"end":{"line":142,"column":17}},"54":{"start":{"line":144,"column":21},"end":{"line":144,"column":64}},"55":{"start":{"line":145,"column":4},"end":{"line":145,"column":45}},"56":{"start":{"line":146,"column":4},"end":{"line":148,"column":7}},"57":{"start":{"line":149,"column":4},"end":{"line":149,"column":54}},"58":{"start":{"line":150,"column":4},"end":{"line":150,"column":20}},"59":{"start":{"line":152,"column":4},"end":{"line":152,"column":59}},"60":{"start":{"line":153,"column":4},"end":{"line":153,"column":16}}},"fnMap":{"0":{"name":"(anonymous_0)","decl":{"start":{"line":34,"column":27},"end":{"line":34,"column":28}},"loc":{"start":{"line":34,"column":97},"end":{"line":55,"column":1}},"line":34},"1":{"name":"(anonymous_1)","decl":{"start":{"line":43,"column":15},"end":{"line":43,"column":16}},"loc":{"start":{"line":43,"column":51},"end":{"line":53,"column":3}},"line":43},"2":{"name":"BackendMeditationCall","decl":{"start":{"line":66,"column":22},"end":{"line":66,"column":43}},"loc":{"start":{"line":71,"column":31},"end":{"line":125,"column":1}},"line":71},"3":{"name":"(anonymous_3)","decl":{"start":{"line":76,"column":43},"end":{"line":76,"column":44}},"loc":{"start":{"line":76,"column":52},"end":{"line":76,"column":66}},"line":76},"4":{"name":"(anonymous_4)","decl":{"start":{"line":130,"column":27},"end":{"line":130,"column":28}},"loc":{"start":{"line":130,"column":86},"end":{"line":155,"column":1}},"line":130}},"branchMap":{"0":{"loc":{"start":{"line":44,"column":4},"end":{"line":46,"column":5}},"type":"if","locations":[{"start":{"line":44,"column":4},"end":{"line":46,"column":5}},{"start":{},"end":{}}],"line":44},"1":{"loc":{"start":{"line":44,"column":8},"end":{"line":44,"column":46}},"type":"binary-expr","locations":[{"start":{"line":44,"column":8},"end":{"line":44,"column":10}},{"start":{"line":44,"column":14},"end":{"line":44,"column":46}}],"line":44},"2":{"loc":{"start":{"line":48,"column":4},"end":{"line":48,"column":83}},"type":"if","locations":[{"start":{"line":48,"column":4},"end":{"line":48,"column":83}},{"start":{},"end":{}}],"line":48},"3":{"loc":{"start":{"line":49,"column":4},"end":{"line":49,"column":79}},"type":"if","locations":[{"start":{"line":49,"column":4},"end":{"line":49,"column":79}},{"start":{},"end":{}}],"line":49},"4":{"loc":{"start":{"line":50,"column":4},"end":{"line":50,"column":80}},"type":"if","locations":[{"start":{"line":50,"column":4},"end":{"line":50,"column":80}},{"start":{},"end":{}}],"line":50},"5":{"loc":{"start":{"line":51,"column":4},"end":{"line":51,"column":68}},"type":"if","locations":[{"start":{"line":51,"column":4},"end":{"line":51,"column":68}},{"start":{},"end":{}}],"line":51},"6":{"loc":{"start":{"line":52,"column":4},"end":{"line":52,"column":59}},"type":"if","locations":[{"start":{"line":52,"column":4},"end":{"line":52,"column":59}},{"start":{},"end":{}}],"line":52},"7":{"loc":{"start":{"line":57,"column":28},"end":{"line":57,"column":77}},"type":"binary-expr","locations":[{"start":{"line":57,"column":28},"end":{"line":57,"column":71}},{"start":{"line":57,"column":75},"end":{"line":57,"column":77}}],"line":57},"8":{"loc":{"start":{"line":59,"column":0},"end":{"line":61,"column":1}},"type":"if","locations":[{"start":{"line":59,"column":0},"end":{"line":61,"column":1}},{"start":{},"end":{}}],"line":59},"9":{"loc":{"start":{"line":77,"column":2},"end":{"line":79,"column":3}},"type":"if","locations":[{"start":{"line":77,"column":2},"end":{"line":79,"column":3}},{"start":{},"end":{}}],"line":77},"10":{"loc":{"start":{"line":99,"column":4},"end":{"line":103,"column":5}},"type":"if","locations":[{"start":{"line":99,"column":4},"end":{"line":103,"column":5}},{"start":{},"end":{}}],"line":99},"11":{"loc":{"start":{"line":109,"column":4},"end":{"line":115,"column":5}},"type":"if","locations":[{"start":{"line":109,"column":4},"end":{"line":115,"column":5}},{"start":{},"end":{}}],"line":109},"12":{"loc":{"start":{"line":109,"column":8},"end":{"line":109,"column":73}},"type":"binary-expr","locations":[{"start":{"line":109,"column":8},"end":{"line":109,"column":29}},{"start":{"line":109,"column":33},"end":{"line":109,"column":73}}],"line":109},"13":{"loc":{"start":{"line":119,"column":30},"end":{"line":119,"column":67}},"type":"binary-expr","locations":[{"start":{"line":119,"column":30},"end":{"line":119,"column":61}},{"start":{"line":119,"column":65},"end":{"line":119,"column":67}}],"line":119},"14":{"loc":{"start":{"line":132,"column":4},"end":{"line":143,"column":5}},"type":"if","locations":[{"start":{"line":132,"column":4},"end":{"line":143,"column":5}},{"start":{},"end":{}}],"line":132}},"s":{"0":1,"1":1,"2":1,"3":2,"4":0,"5":2,"6":2,"7":2,"8":2,"9":2,"10":2,"11":2,"12":2,"13":2,"14":2,"15":1,"16":1,"17":1,"18":1,"19":1,"20":1,"21":1,"22":1,"23":0,"24":1,"25":1,"26":1,"27":1,"28":0,"29":0,"30":0,"31":1,"32":1,"33":0,"34":0,"35":1,"36":1,"37":1,"38":1,"39":0,"40":0,"41":1,"42":1,"43":1,"44":0,"45":0,"46":0,"47":0,"48":0,"49":0,"50":0,"51":0,"52":0,"53":0,"54":1,"55":1,"56":1,"57":1,"58":1,"59":0,"60":0},"f":{"0":1,"1":2,"2":1,"3":1,"4":1},"b":{"0":[0,2],"1":[2,2],"2":[2,0],"3":[2,0],"4":[2,0],"5":[2,0],"6":[2,0],"7":[1,1],"8":[1,0],"9":[0,1],"10":[0,1],"11":[0,1],"12":[1,1],"13":[1,0],"14":[0,1]},"_coverageSchema":"1a1c01bbd47fc00a2c39e90264f33305004495a9","hash":"42b4e1fff0e55610b3b9ed012a028f59352b44cc"}
}
