{"/root/float/.worktrees/refactor-upgrade/components/BackendSummaryCall.tsx": {"path":"/root/float/.worktrees/refactor-upgrade/components/BackendSummaryCall.tsx","statementMap":{"0":{"start":{"line":4,"column":28},"end":{"line":4,"column":77}},"1":{"start":{"line":35,"column":21},"end":{"line":35,"column":53}},"2":{"start":{"line":37,"column":25},"end":{"line":44,"column":4}},"3":{"start":{"line":45,"column":2},"end":{"line":45,"column":24}},"4":{"start":{"line":56,"column":2},"end":{"line":61,"column":3}},"5":{"start":{"line":58,"column":6},"end":{"line":58,"column":86}},"6":{"start":{"line":59,"column":4},"end":{"line":59,"column":32}},"7":{"start":{"line":60,"column":4},"end":{"line":60,"column":34}},"8":{"start":{"line":63,"column":34},"end":{"line":69,"column":3}},"9":{"start":{"line":71,"column":25},"end":{"line":71,"column":48}},"10":{"start":{"line":72,"column":2},"end":{"line":72,"column":54}},"11":{"start":{"line":74,"column":2},"end":{"line":122,"column":3}},"12":{"start":{"line":75,"column":4},"end":{"line":75,"column":70}},"13":{"start":{"line":76,"column":25},"end":{"line":82,"column":6}},"14":{"start":{"line":84,"column":4},"end":{"line":89,"column":5}},"15":{"start":{"line":85,"column":24},"end":{"line":85,"column":49}},"16":{"start":{"line":86,"column":27},"end":{"line":86,"column":114}},"17":{"start":{"line":87,"column":6},"end":{"line":87,"column":34}},"18":{"start":{"line":88,"column":6},"end":{"line":88,"column":36}},"19":{"start":{"line":91,"column":34},"end":{"line":91,"column":59}},"20":{"start":{"line":92,"column":4},"end":{"line":92,"column":74}},"21":{"start":{"line":93,"column":4},"end":{"line":93,"column":59}},"22":{"start":{"line":95,"column":4},"end":{"line":99,"column":5}},"23":{"start":{"line":96,"column":27},"end":{"line":96,"column":145}},"24":{"start":{"line":97,"column":6},"end":{"line":97,"column":34}},"25":{"start":{"line":98,"column":6},"end":{"line":98,"column":36}},"26":{"start":{"line":101,"column":50},"end":{"line":101,"column":71}},"27":{"start":{"line":102,"column":4},"end":{"line":102,"column":65}},"28":{"start":{"line":105,"column":4},"end":{"line":112,"column":5}},"29":{"start":{"line":106,"column":6},"end":{"line":111,"column":7}},"30":{"start":{"line":107,"column":8},"end":{"line":110,"column":10}},"31":{"start":{"line":114,"column":4},"end":{"line":114,"column":62}},"32":{"start":{"line":115,"column":4},"end":{"line":115,"column":39}},"33":{"start":{"line":117,"column":4},"end":{"line":117,"column":32}},"34":{"start":{"line":119,"column":25},"end":{"line":119,"column":79}},"35":{"start":{"line":120,"column":4},"end":{"line":120,"column":64}},"36":{"start":{"line":121,"column":4},"end":{"line":121,"column":16}}},"fnMap":{"0":{"name":"schedulePushNotification","decl":{"start":{"line":34,"column":15},"end":{"line":34,"column":39}},"loc":{"start":{"line":34,"column":95},"end":{"line":46,"column":1}},"line":34},"1":{"name":"BackendSummaryCall","decl":{"start":{"line":51,"column":22},"end":{"line":51,"column":40}},"loc":{"start":{"line":55,"column":28},"end":{"line":123,"column":1}},"line":55}},"branchMap":{"0":{"loc":{"start":{"line":4,"column":28},"end":{"line":4,"column":77}},"type":"binary-expr","locations":[{"start":{"line":4,"column":28},"end":{"line":4,"column":71}},{"start":{"line":4,"column":75},"end":{"line":4,"column":77}}],"line":4},"1":{"loc":{"start":{"line":56,"column":2},"end":{"line":61,"column":3}},"type":"if","locations":[{"start":{"line":56,"column":2},"end":{"line":61,"column":3}},{"start":{},"end":{}}],"line":56},"2":{"loc":{"start":{"line":56,"column":6},"end":{"line":56,"column":85}},"type":"binary-expr","locations":[{"start":{"line":56,"column":6},"end":{"line":56,"column":61}},{"start":{"line":56,"column":65},"end":{"line":56,"column":85}}],"line":56},"3":{"loc":{"start":{"line":65,"column":11},"end":{"line":65,"column":41}},"type":"binary-expr","locations":[{"start":{"line":65,"column":11},"end":{"line":65,"column":23}},{"start":{"line":65,"column":27},"end":{"line":65,"column":41}}],"line":65},"4":{"loc":{"start":{"line":66,"column":12},"end":{"line":66,"column":80}},"type":"cond-expr","locations":[{"start":{"line":66,"column":45},"end":{"line":66,"column":63}},{"start":{"line":66,"column":66},"end":{"line":66,"column":80}}],"line":66},"5":{"loc":{"start":{"line":84,"column":4},"end":{"line":89,"column":5}},"type":"if","locations":[{"start":{"line":84,"column":4},"end":{"line":89,"column":5}},{"start":{},"end":{}}],"line":84},"6":{"loc":{"start":{"line":95,"column":4},"end":{"line":99,"column":5}},"type":"if","locations":[{"start":{"line":95,"column":4},"end":{"line":99,"column":5}},{"start":{},"end":{}}],"line":95},"7":{"loc":{"start":{"line":95,"column":8},"end":{"line":95,"column":75}},"type":"binary-expr","locations":[{"start":{"line":95,"column":8},"end":{"line":95,"column":30}},{"start":{"line":95,"column":34},"end":{"line":95,"column":75}}],"line":95},"8":{"loc":{"start":{"line":105,"column":4},"end":{"line":112,"column":5}},"type":"if","locations":[{"start":{"line":105,"column":4},"end":{"line":112,"column":5}},{"start":{},"end":{}}],"line":105},"9":{"loc":{"start":{"line":106,"column":6},"end":{"line":111,"column":7}},"type":"if","locations":[{"start":{"line":106,"column":6},"end":{"line":111,"column":7}},{"start":{},"end":{}}],"line":106},"10":{"loc":{"start":{"line":106,"column":10},"end":{"line":106,"column":94}},"type":"binary-expr","locations":[{"start":{"line":106,"column":10},"end":{"line":106,"column":46}},{"start":{"line":106,"column":50},"end":{"line":106,"column":94}}],"line":106},"11":{"loc":{"start":{"line":119,"column":25},"end":{"line":119,"column":79}},"type":"cond-expr","locations":[{"start":{"line":119,"column":50},"end":{"line":119,"column":63}},{"start":{"line":119,"column":66},"end":{"line":119,"column":79}}],"line":119}},"s":{"0":1,"1":0,"2":0,"3":0,"4":1,"5":1,"6":1,"7":1,"8":0,"9":0,"10":0,"11":0,"12":0,"13":0,"14":0,"15":0,"16":0,"17":0,"18":0,"19":0,"20":0,"21":0,"22":0,"23":0,"24":0,"25":0,"26":0,"27":0,"28":0,"29":0,"30":0,"31":0,"32":0,"33":0,"34":0,"35":0,"36":0},"f":{"0":0,"1":1},"b":{"0":[1,1],"1":[1,0],"2":[1,1],"3":[0,0],"4":[0,0],"5":[0,0],"6":[0,0],"7":[0,0],"8":[0,0],"9":[0,0],"10":[0,0],"11":[0,0]},"_coverageSchema":"1a1c01bbd47fc00a2c39e90264f33305004495a9","hash":"d2f97284fb368b94c41fb9524fcbbc99fdad3a6b"}
,"/root/float/.worktrees/refactor-upgrade/components/IncidentColoring.tsx": {"path":"/root/float/.worktrees/refactor-upgrade/components/IncidentColoring.tsx","statementMap":{"0":{"start":{"line":7,"column":56},"end":{"line":7,"column":69}},"1":{"start":{"line":9,"column":44},"end":{"line":9,"column":46}},"2":{"start":{"line":11,"column":60},"end":{"line":17,"column":3}},"3":{"start":{"line":18,"column":64},"end":{"line":24,"column":3}},"4":{"start":{"line":26,"column":30},"end":{"line":32,"column":3}},"5":{"start":{"line":27,"column":21},"end":{"line":27,"column":108}},"6":{"start":{"line":28,"column":25},"end":{"line":28,"column":119}},"7":{"start":{"line":29,"column":24},"end":{"line":29,"column":63}},"8":{"start":{"line":30,"column":19},"end":{"line":30,"column":65}},"9":{"start":{"line":31,"column":4},"end":{"line":31,"column":47}},"10":{"start":{"line":34,"column":2},"end":{"line":68,"column":50}},"11":{"start":{"line":35,"column":29},"end":{"line":65,"column":5}},"12":{"start":{"line":36,"column":38},"end":{"line":36,"column":40}},"13":{"start":{"line":37,"column":6},"end":{"line":63,"column":7}},"14":{"start":{"line":38,"column":8},"end":{"line":38,"column":32}},"15":{"start":{"line":38,"column":23},"end":{"line":38,"column":32}},"16":{"start":{"line":39,"column":8},"end":{"line":62,"column":9}},"17":{"start":{"line":40,"column":28},"end":{"line":40,"column":57}},"18":{"start":{"line":41,"column":36},"end":{"line":41,"column":64}},"19":{"start":{"line":42,"column":30},"end":{"line":42,"column":46}},"20":{"start":{"line":43,"column":10},"end":{"line":43,"column":37}},"21":{"start":{"line":43,"column":28},"end":{"line":43,"column":37}},"22":{"start":{"line":45,"column":33},"end":{"line":45,"column":84}},"23":{"start":{"line":46,"column":42},"end":{"line":46,"column":70}},"24":{"start":{"line":48,"column":31},"end":{"line":48,"column":125}},"25":{"start":{"line":49,"column":31},"end":{"line":49,"column":100}},"26":{"start":{"line":52,"column":12},"end":{"line":54,"column":44}},"27":{"start":{"line":56,"column":27},"end":{"line":56,"column":99}},"28":{"start":{"line":57,"column":47},"end":{"line":57,"column":82}},"29":{"start":{"line":59,"column":10},"end":{"line":59,"column":57}},"30":{"start":{"line":61,"column":10},"end":{"line":61,"column":48}},"31":{"start":{"line":64,"column":6},"end":{"line":64,"column":47}},"32":{"start":{"line":67,"column":4},"end":{"line":67,"column":23}},"33":{"start":{"line":70,"column":2},"end":{"line":70,"column":14}}},"fnMap":{"0":{"name":"IncidentColoring","decl":{"start":{"line":6,"column":16},"end":{"line":6,"column":32}},"loc":{"start":{"line":6,"column":35},"end":{"line":71,"column":1}},"line":6},"1":{"name":"(anonymous_1)","decl":{"start":{"line":26,"column":30},"end":{"line":26,"column":31}},"loc":{"start":{"line":26,"column":64},"end":{"line":32,"column":3}},"line":26},"2":{"name":"(anonymous_2)","decl":{"start":{"line":34,"column":12},"end":{"line":34,"column":13}},"loc":{"start":{"line":34,"column":18},"end":{"line":68,"column":3}},"line":34},"3":{"name":"(anonymous_3)","decl":{"start":{"line":35,"column":29},"end":{"line":35,"column":30}},"loc":{"start":{"line":35,"column":41},"end":{"line":65,"column":5}},"line":35}},"branchMap":{"0":{"loc":{"start":{"line":27,"column":21},"end":{"line":27,"column":108}},"type":"binary-expr","locations":[{"start":{"line":27,"column":21},"end":{"line":27,"column":90}},{"start":{"line":27,"column":94},"end":{"line":27,"column":108}}],"line":27},"1":{"loc":{"start":{"line":28,"column":25},"end":{"line":28,"column":119}},"type":"cond-expr","locations":[{"start":{"line":28,"column":66},"end":{"line":28,"column":98}},{"start":{"line":28,"column":101},"end":{"line":28,"column":119}}],"line":28},"2":{"loc":{"start":{"line":29,"column":24},"end":{"line":29,"column":63}},"type":"binary-expr","locations":[{"start":{"line":29,"column":24},"end":{"line":29,"column":54}},{"start":{"line":29,"column":58},"end":{"line":29,"column":63}}],"line":29},"3":{"loc":{"start":{"line":31,"column":11},"end":{"line":31,"column":46}},"type":"cond-expr","locations":[{"start":{"line":31,"column":35},"end":{"line":31,"column":41}},{"start":{"line":31,"column":44},"end":{"line":31,"column":46}}],"line":31},"4":{"loc":{"start":{"line":38,"column":8},"end":{"line":38,"column":32}},"type":"if","locations":[{"start":{"line":38,"column":8},"end":{"line":38,"column":32}},{"start":{},"end":{}}],"line":38},"5":{"loc":{"start":{"line":43,"column":10},"end":{"line":43,"column":37}},"type":"if","locations":[{"start":{"line":43,"column":10},"end":{"line":43,"column":37}},{"start":{},"end":{}}],"line":43},"6":{"loc":{"start":{"line":48,"column":31},"end":{"line":48,"column":125}},"type":"cond-expr","locations":[{"start":{"line":48,"column":72},"end":{"line":48,"column":104}},{"start":{"line":48,"column":107},"end":{"line":48,"column":125}}],"line":48},"7":{"loc":{"start":{"line":52,"column":12},"end":{"line":54,"column":44}},"type":"cond-expr","locations":[{"start":{"line":53,"column":16},"end":{"line":53,"column":52}},{"start":{"line":54,"column":16},"end":{"line":54,"column":44}}],"line":52}},"s":{"0":4,"1":4,"2":4,"3":4,"4":4,"5":6,"6":6,"7":6,"8":6,"9":6,"10":4,"11":3,"12":3,"13":3,"14":6,"15":0,"16":6,"17":6,"18":6,"19":6,"20":6,"21":0,"22":6,"23":6,"24":6,"25":6,"26":6,"27":6,"28":6,"29":6,"30":0,"31":3,"32":3,"33":4},"f":{"0":4,"1":6,"2":3,"3":3},"b":{"0":[6,0],"1":[6,0],"2":[6,0],"3":[6,0],"4":[0,6],"5":[0,6],"6":[6,0],"7":[0,6]},"_coverageSchema":"1a1c01bbd47fc00a2c39e90264f33305004495a9","hash":"1a2c10d553e14bbd9a22d4229be3290ddc03f184"}
,"/root/float/.worktrees/refactor-upgrade/components/ThemedText.tsx": {"path":"/root/float/.worktrees/refactor-upgrade/components/ThemedText.tsx","statementMap":{"0":{"start":{"line":34,"column":16},"end":{"line":34,"column":77}},"1":{"start":{"line":35,"column":17},"end":{"line":35,"column":38}},"2":{"start":{"line":37,"column":20},"end":{"line":94,"column":3}},"3":{"start":{"line":38,"column":22},"end":{"line":38,"column":25}},"4":{"start":{"line":40,"column":16},"end":{"line":40,"column":40}},"5":{"start":{"line":41,"column":4},"end":{"line":41,"column":47}},"6":{"start":{"line":43,"column":4},"end":{"line":93,"column":7}},"7":{"start":{"line":96,"column":17},"end":{"line":96,"column":28}},"8":{"start":{"line":98,"column":2},"end":{"line":115,"column":4}}},"fnMap":{"0":{"name":"ThemedText","decl":{"start":{"line":27,"column":16},"end":{"line":27,"column":26}},"loc":{"start":{"line":33,"column":39},"end":{"line":116,"column":1}},"line":33},"1":{"name":"(anonymous_1)","decl":{"start":{"line":37,"column":20},"end":{"line":37,"column":21}},"loc":{"start":{"line":37,"column":26},"end":{"line":94,"column":3}},"line":37}},"branchMap":{"0":{"loc":{"start":{"line":31,"column":2},"end":{"line":31,"column":18}},"type":"default-arg","locations":[{"start":{"line":31,"column":9},"end":{"line":31,"column":18}}],"line":31},"1":{"loc":{"start":{"line":102,"column":8},"end":{"line":102,"column":55}},"type":"cond-expr","locations":[{"start":{"line":102,"column":29},"end":{"line":102,"column":43}},{"start":{"line":102,"column":46},"end":{"line":102,"column":55}}],"line":102},"2":{"loc":{"start":{"line":103,"column":8},"end":{"line":103,"column":51}},"type":"cond-expr","locations":[{"start":{"line":103,"column":27},"end":{"line":103,"column":39}},{"start":{"line":103,"column":42},"end":{"line":103,"column":51}}],"line":103},"3":{"loc":{"start":{"line":104,"column":8},"end":{"line":104,"column":57}},"type":"cond-expr","locations":[{"start":{"line":104,"column":30},"end":{"line":104,"column":45}},{"start":{"line":104,"column":48},"end":{"line":104,"column":57}}],"line":104},"4":{"loc":{"start":{"line":105,"column":8},"end":{"line":105,"column":73}},"type":"cond-expr","locations":[{"start":{"line":105,"column":38},"end":{"line":105,"column":61}},{"start":{"line":105,"column":64},"end":{"line":105,"column":73}}],"line":105},"5":{"loc":{"start":{"line":106,"column":8},"end":{"line":106,"column":57}},"type":"cond-expr","locations":[{"start":{"line":106,"column":30},"end":{"line":106,"column":45}},{"start":{"line":106,"column":48},"end":{"line":106,"column":57}}],"line":106},"6":{"loc":{"start":{"line":107,"column":8},"end":{"line":107,"column":49}},"type":"cond-expr","locations":[{"start":{"line":107,"column":26},"end":{"line":107,"column":37}},{"start":{"line":107,"column":40},"end":{"line":107,"column":49}}],"line":107},"7":{"loc":{"start":{"line":108,"column":8},"end":{"line":108,"column":53}},"type":"cond-expr","locations":[{"start":{"line":108,"column":28},"end":{"line":108,"column":41}},{"start":{"line":108,"column":44},"end":{"line":108,"column":53}}],"line":108},"8":{"loc":{"start":{"line":109,"column":8},"end":{"line":109,"column":55}},"type":"cond-expr","locations":[{"start":{"line":109,"column":29},"end":{"line":109,"column":43}},{"start":{"line":109,"column":46},"end":{"line":109,"column":55}}],"line":109},"9":{"loc":{"start":{"line":110,"column":8},"end":{"line":110,"column":71}},"type":"cond-expr","locations":[{"start":{"line":110,"column":37},"end":{"line":110,"column":59}},{"start":{"line":110,"column":62},"end":{"line":110,"column":71}}],"line":110}},"s":{"0":15,"1":15,"2":15,"3":15,"4":15,"5":15,"6":15,"7":15,"8":15},"f":{"0":15,"1":15},"b":{"0":[1],"1":[1,14],"2":[0,15],"3":[0,15],"4":[0,15],"5":[8,7],"6":[0,15],"7":[0,15],"8":[6,9],"9":[0,15]},"_coverageSchema":"1a1c01bbd47fc00a2c39e90264f33305004495a9","hash":"b384cc174c93c3c5512d82cf02d9cca6df26460b"}
,"/root/float/.worktrees/refactor-upgrade/components/ThemedView.tsx": {"path":"/root/float/.worktrees/refactor-upgrade/components/ThemedView.tsx","statementMap":{"0":{"start":{"line":23,"column":26},"end":{"line":23,"column":93}},"1":{"start":{"line":25,"column":2},"end":{"line":25,"column":65}}},"fnMap":{"0":{"name":"ThemedView","decl":{"start":{"line":17,"column":16},"end":{"line":17,"column":26}},"loc":{"start":{"line":22,"column":37},"end":{"line":26,"column":1}},"line":22}},"branchMap":{},"s":{"0":1,"1":1},"f":{"0":1},"b":{},"_coverageSchema":"1a1c01bbd47fc00a2c39e90264f33305004495a9","hash":"228483fb3c76a4b17a0c3978cac1ae16d0fa1c81"}
,"/root/float/.worktrees/refactor-upgrade/components/ScreenComponents/Guidance.tsx": {"path":"/root/float/.worktrees/refactor-upgrade/components/ScreenComponents/Guidance.tsx","statementMap":{"0":{"start":{"line":5,"column":17},"end":{"line":33,"column":1}},"1":{"start":{"line":6,"column":30},"end":{"line":6,"column":45}},"2":{"start":{"line":8,"column":28},"end":{"line":10,"column":3}},"3":{"start":{"line":9,"column":4},"end":{"line":9,"column":41}},"4":{"start":{"line":9,"column":29},"end":{"line":9,"column":39}},"5":{"start":{"line":12,"column":2},"end":{"line":32,"column":4}}},"fnMap":{"0":{"name":"(anonymous_0)","decl":{"start":{"line":5,"column":17},"end":{"line":5,"column":18}},"loc":{"start":{"line":5,"column":23},"end":{"line":33,"column":1}},"line":5},"1":{"name":"(anonymous_1)","decl":{"start":{"line":8,"column":28},"end":{"line":8,"column":29}},"loc":{"start":{"line":8,"column":34},"end":{"line":10,"column":3}},"line":8},"2":{"name":"(anonymous_2)","decl":{"start":{"line":9,"column":14},"end":{"line":9,"column":15}},"loc":{"start":{"line":9,"column":29},"end":{"line":9,"column":39}},"line":9}},"branchMap":{},"s":{"0":1,"1":3,"2":3,"3":1,"4":1,"5":3},"f":{"0":3,"1":1,"2":1},"b":{},"_coverageSchema":"1a1c01bbd47fc00a2c39e90264f33305004495a9","hash":"064d49f2d7c7c0b22fcf43613655264074b27ec4"}
,"/root/float/.worktrees/refactor-upgrade/components/ScreenComponents/MeditationControls.tsx": {"path":"/root/float/.worktrees/refactor-upgrade/components/ScreenComponents/MeditationControls.tsx","statementMap":{"0":{"start":{"line":23,"column":36},"end":{"line":23,"column":51}},"1":{"start":{"line":24,"column":28},"end":{"line":24,"column":62}},"2":{"start":{"line":26,"column":31},"end":{"line":69,"column":57}},"3":{"start":{"line":27,"column":4},"end":{"line":68,"column":5}},"4":{"start":{"line":28,"column":16},"end":{"line":28,"column":29}},"5":{"start":{"line":29,"column":6},"end":{"line":34,"column":7}},"6":{"start":{"line":30,"column":25},"end":{"line":30,"column":41}},"7":{"start":{"line":31,"column":21},"end":{"line":31,"column":42}},"8":{"start":{"line":32,"column":24},"end":{"line":32,"column":49}},"9":{"start":{"line":33,"column":8},"end":{"line":33,"column":22}},"10":{"start":{"line":36,"column":6},"end":{"line":65,"column":7}},"11":{"start":{"line":37,"column":8},"end":{"line":45,"column":9}},"12":{"start":{"line":38,"column":10},"end":{"line":38,"column":35}},"13":{"start":{"line":39,"column":10},"end":{"line":39,"column":30}},"14":{"start":{"line":40,"column":10},"end":{"line":40,"column":47}},"15":{"start":{"line":42,"column":10},"end":{"line":42,"column":34}},"16":{"start":{"line":43,"column":10},"end":{"line":43,"column":29}},"17":{"start":{"line":44,"column":10},"end":{"line":44,"column":48}},"18":{"start":{"line":47,"column":36},"end":{"line":47,"column":74}},"19":{"start":{"line":48,"column":8},"end":{"line":48,"column":27}},"20":{"start":{"line":49,"column":8},"end":{"line":61,"column":11}},"21":{"start":{"line":50,"column":10},"end":{"line":60,"column":11}},"22":{"start":{"line":51,"column":12},"end":{"line":51,"column":55}},"23":{"start":{"line":52,"column":12},"end":{"line":56,"column":13}},"24":{"start":{"line":53,"column":14},"end":{"line":53,"column":43}},"25":{"start":{"line":55,"column":14},"end":{"line":55,"column":61}},"26":{"start":{"line":57,"column":12},"end":{"line":57,"column":32}},"27":{"start":{"line":58,"column":12},"end":{"line":58,"column":27}},"28":{"start":{"line":59,"column":12},"end":{"line":59,"column":33}},"29":{"start":{"line":62,"column":8},"end":{"line":62,"column":35}},"30":{"start":{"line":63,"column":8},"end":{"line":63,"column":27}},"31":{"start":{"line":64,"column":8},"end":{"line":64,"column":46}},"32":{"start":{"line":67,"column":6},"end":{"line":67,"column":61}},"33":{"start":{"line":71,"column":2},"end":{"line":74,"column":4}},"34":{"start":{"line":80,"column":62},"end":{"line":128,"column":1}},"35":{"start":{"line":86,"column":17},"end":{"line":86,"column":28}},"36":{"start":{"line":87,"column":46},"end":{"line":87,"column":95}},"37":{"start":{"line":89,"column":2},"end":{"line":127,"column":4}},"38":{"start":{"line":100,"column":30},"end":{"line":105,"column":7}},"39":{"start":{"line":108,"column":8},"end":{"line":110,"column":21}},"40":{"start":{"line":116,"column":30},"end":{"line":121,"column":7}},"41":{"start":{"line":124,"column":8},"end":{"line":124,"column":98}}},"fnMap":{"0":{"name":"useAudioPlayback","decl":{"start":{"line":22,"column":9},"end":{"line":22,"column":25}},"loc":{"start":{"line":22,"column":90},"end":{"line":75,"column":1}},"line":22},"1":{"name":"(anonymous_1)","decl":{"start":{"line":26,"column":43},"end":{"line":26,"column":44}},"loc":{"start":{"line":26,"column":55},"end":{"line":69,"column":3}},"line":26},"2":{"name":"(anonymous_2)","decl":{"start":{"line":49,"column":43},"end":{"line":49,"column":44}},"loc":{"start":{"line":49,"column":61},"end":{"line":61,"column":9}},"line":49},"3":{"name":"(anonymous_3)","decl":{"start":{"line":80,"column":62},"end":{"line":80,"column":63}},"loc":{"start":{"line":85,"column":50},"end":{"line":128,"column":1}},"line":85},"4":{"name":"(anonymous_4)","decl":{"start":{"line":100,"column":13},"end":{"line":100,"column":14}},"loc":{"start":{"line":100,"column":30},"end":{"line":105,"column":7}},"line":100},"5":{"name":"(anonymous_5)","decl":{"start":{"line":107,"column":7},"end":{"line":107,"column":8}},"loc":{"start":{"line":108,"column":8},"end":{"line":110,"column":21}},"line":108},"6":{"name":"(anonymous_6)","decl":{"start":{"line":116,"column":13},"end":{"line":116,"column":14}},"loc":{"start":{"line":116,"column":30},"end":{"line":121,"column":7}},"line":116},"7":{"name":"(anonymous_7)","decl":{"start":{"line":123,"column":7},"end":{"line":123,"column":8}},"loc":{"start":{"line":124,"column":8},"end":{"line":124,"column":98}},"line":124}},"branchMap":{"0":{"loc":{"start":{"line":29,"column":6},"end":{"line":34,"column":7}},"type":"if","locations":[{"start":{"line":29,"column":6},"end":{"line":34,"column":7}},{"start":{},"end":{}}],"line":29},"1":{"loc":{"start":{"line":36,"column":6},"end":{"line":65,"column":7}},"type":"if","locations":[{"start":{"line":36,"column":6},"end":{"line":65,"column":7}},{"start":{"line":46,"column":13},"end":{"line":65,"column":7}}],"line":36},"2":{"loc":{"start":{"line":37,"column":8},"end":{"line":45,"column":9}},"type":"if","locations":[{"start":{"line":37,"column":8},"end":{"line":45,"column":9}},{"start":{"line":41,"column":15},"end":{"line":45,"column":9}}],"line":37},"3":{"loc":{"start":{"line":50,"column":10},"end":{"line":60,"column":11}},"type":"if","locations":[{"start":{"line":50,"column":10},"end":{"line":60,"column":11}},{"start":{},"end":{}}],"line":50},"4":{"loc":{"start":{"line":50,"column":14},"end":{"line":50,"column":63}},"type":"binary-expr","locations":[{"start":{"line":50,"column":14},"end":{"line":50,"column":39}},{"start":{"line":50,"column":43},"end":{"line":50,"column":63}}],"line":50},"5":{"loc":{"start":{"line":89,"column":9},"end":{"line":127,"column":3}},"type":"cond-expr","locations":[{"start":{"line":90,"column":4},"end":{"line":96,"column":17}},{"start":{"line":97,"column":6},"end":{"line":127,"column":3}}],"line":89},"6":{"loc":{"start":{"line":97,"column":6},"end":{"line":127,"column":3}},"type":"cond-expr","locations":[{"start":{"line":98,"column":4},"end":{"line":112,"column":16}},{"start":{"line":114,"column":4},"end":{"line":126,"column":16}}],"line":97},"7":{"loc":{"start":{"line":102,"column":27},"end":{"line":102,"column":88}},"type":"cond-expr","locations":[{"start":{"line":102,"column":37},"end":{"line":102,"column":60}},{"start":{"line":102,"column":63},"end":{"line":102,"column":88}}],"line":102},"8":{"loc":{"start":{"line":109,"column":11},"end":{"line":109,"column":87}},"type":"cond-expr","locations":[{"start":{"line":109,"column":24},"end":{"line":109,"column":53}},{"start":{"line":109,"column":57},"end":{"line":109,"column":87}}],"line":109},"9":{"loc":{"start":{"line":109,"column":24},"end":{"line":109,"column":53}},"type":"cond-expr","locations":[{"start":{"line":109,"column":34},"end":{"line":109,"column":43}},{"start":{"line":109,"column":46},"end":{"line":109,"column":53}}],"line":109},"10":{"loc":{"start":{"line":109,"column":57},"end":{"line":109,"column":87}},"type":"cond-expr","locations":[{"start":{"line":109,"column":67},"end":{"line":109,"column":78}},{"start":{"line":109,"column":81},"end":{"line":109,"column":87}}],"line":109},"11":{"loc":{"start":{"line":118,"column":27},"end":{"line":118,"column":88}},"type":"cond-expr","locations":[{"start":{"line":118,"column":37},"end":{"line":118,"column":60}},{"start":{"line":118,"column":63},"end":{"line":118,"column":88}}],"line":118},"12":{"loc":{"start":{"line":124,"column":37},"end":{"line":124,"column":84}},"type":"cond-expr","locations":[{"start":{"line":124,"column":47},"end":{"line":124,"column":60}},{"start":{"line":124,"column":63},"end":{"line":124,"column":84}}],"line":124}},"s":{"0":9,"1":9,"2":9,"3":3,"4":3,"5":3,"6":0,"7":0,"8":0,"9":0,"10":3,"11":1,"12":1,"13":1,"14":1,"15":0,"16":0,"17":0,"18":2,"19":2,"20":2,"21":2,"22":0,"23":0,"24":0,"25":0,"26":0,"27":0,"28":0,"29":2,"30":2,"31":2,"32":0,"33":9,"34":1,"35":9,"36":9,"37":9,"38":6,"39":6,"40":2,"41":2},"f":{"0":9,"1":3,"2":2,"3":9,"4":6,"5":6,"6":2,"7":2},"b":{"0":[0,3],"1":[1,2],"2":[1,0],"3":[0,2],"4":[2,2],"5":[1,8],"6":[6,2],"7":[0,6],"8":[2,4],"9":[0,2],"10":[0,4],"11":[0,2],"12":[0,2]},"_coverageSchema":"1a1c01bbd47fc00a2c39e90264f33305004495a9","hash":"22abe5e6391638dcbb8982f66ee07afcc22c64a8"}
,"/root/float/.worktrees/refactor-upgrade/constants/Colors.ts": {"path":"/root/float/.worktrees/refactor-upgrade/constants/Colors.ts","statementMap":{"0":{"start":{"line":1,"column":23},"end":{"line":1,"column":32}},"1":{"start":{"line":2,"column":22},"end":{"line":2,"column":28}},"2":{"start":{"line":4,"column":22},"end":{"line":3888,"column":1}}},"fnMap":{},"branchMap":{},"s":{"0":4,"1":4,"2":4},"f":{},"b":{},"_coverageSchema":"1a1c01bbd47fc00a2c39e90264f33305004495a9","hash":"4de0ba7dd9a6e161e45dcb9ba1fa49248a913ddd"}
,"/root/float/.worktrees/refactor-upgrade/constants/StylesConstants.tsx": {"path":"/root/float/.worktrees/refactor-upgrade/constants/StylesConstants.tsx","statementMap":{"0":{"start":{"line":3,"column":18},"end":{"line":55,"column":1}},"1":{"start":{"line":4,"column":22},"end":{"line":4,"column":52}},"2":{"start":{"line":5,"column":22},"end":{"line":5,"column":51}},"3":{"start":{"line":7,"column":26},"end":{"line":7,"column":61}},"4":{"start":{"line":9,"column":22},"end":{"line":9,"column":38}},"5":{"start":{"line":10,"column":27},"end":{"line":10,"column":74}},"6":{"start":{"line":12,"column":2},"end":{"line":54,"column":5}}},"fnMap":{"0":{"name":"(anonymous_0)","decl":{"start":{"line":3,"column":18},"end":{"line":3,"column":19}},"loc":{"start":{"line":3,"column":24},"end":{"line":55,"column":1}},"line":3}},"branchMap":{"0":{"loc":{"start":{"line":5,"column":22},"end":{"line":5,"column":51}},"type":"cond-expr","locations":[{"start":{"line":5,"column":42},"end":{"line":5,"column":45}},{"start":{"line":5,"column":48},"end":{"line":5,"column":51}}],"line":5},"1":{"loc":{"start":{"line":7,"column":26},"end":{"line":7,"column":61}},"type":"cond-expr","locations":[{"start":{"line":7,"column":54},"end":{"line":7,"column":56}},{"start":{"line":7,"column":59},"end":{"line":7,"column":61}}],"line":7},"2":{"loc":{"start":{"line":10,"column":27},"end":{"line":10,"column":74}},"type":"cond-expr","locations":[{"start":{"line":10,"column":53},"end":{"line":10,"column":62}},{"start":{"line":10,"column":65},"end":{"line":10,"column":74}}],"line":10}},"s":{"0":1,"1":9,"2":9,"3":9,"4":9,"5":9,"6":9},"f":{"0":9},"b":{"0":[0,9],"1":[0,9],"2":[9,0]},"_coverageSchema":"1a1c01bbd47fc00a2c39e90264f33305004495a9","hash":"19f202c5f432745677b71fe727992d8999058299"}
,"/root/float/.worktrees/refactor-upgrade/context/IncidentContext.tsx": {"path":"/root/float/.worktrees/refactor-upgrade/context/IncidentContext.tsx","statementMap":{"0":{"start":{"line":25,"column":31},"end":{"line":25,"column":78}},"1":{"start":{"line":27,"column":32},"end":{"line":46,"column":1}},"2":{"start":{"line":28,"column":42},"end":{"line":28,"column":66}},"3":{"start":{"line":29,"column":36},"end":{"line":29,"column":58}},"4":{"start":{"line":30,"column":66},"end":{"line":30,"column":106}},"5":{"start":{"line":32,"column":2},"end":{"line":45,"column":4}},"6":{"start":{"line":48,"column":27},"end":{"line":54,"column":1}},"7":{"start":{"line":49,"column":18},"end":{"line":49,"column":45}},"8":{"start":{"line":50,"column":2},"end":{"line":52,"column":3}},"9":{"start":{"line":51,"column":4},"end":{"line":51,"column":72}},"10":{"start":{"line":53,"column":2},"end":{"line":53,"column":17}}},"fnMap":{"0":{"name":"(anonymous_0)","decl":{"start":{"line":27,"column":32},"end":{"line":27,"column":33}},"loc":{"start":{"line":27,"column":75},"end":{"line":46,"column":1}},"line":27},"1":{"name":"(anonymous_1)","decl":{"start":{"line":48,"column":27},"end":{"line":48,"column":28}},"loc":{"start":{"line":48,"column":54},"end":{"line":54,"column":1}},"line":48}},"branchMap":{"0":{"loc":{"start":{"line":50,"column":2},"end":{"line":52,"column":3}},"type":"if","locations":[{"start":{"line":50,"column":2},"end":{"line":52,"column":3}},{"start":{},"end":{}}],"line":50}},"s":{"0":1,"1":1,"2":4,"3":4,"4":4,"5":4,"6":1,"7":4,"8":4,"9":0,"10":4},"f":{"0":4,"1":4},"b":{"0":[0,4]},"_coverageSchema":"1a1c01bbd47fc00a2c39e90264f33305004495a9","hash":"b5a55e588962bc73c2946b059849d3c9330b5a8e"}
,"/root/float/.worktrees/refactor-upgrade/hooks/useThemeColor.ts": {"path":"/root/float/.worktrees/refactor-upgrade/hooks/useThemeColor.ts","statementMap":{"0":{"start":{"line":14,"column":16},"end":{"line":14,"column":43}},"1":{"start":{"line":15,"column":25},"end":{"line":15,"column":37}},"2":{"start":{"line":17,"column":2},"end":{"line":21,"column":3}},"3":{"start":{"line":18,"column":4},"end":{"line":18,"column":26}},"4":{"start":{"line":20,"column":4},"end":{"line":20,"column":36}}},"fnMap":{"0":{"name":"useThemeColor","decl":{"start":{"line":10,"column":16},"end":{"line":10,"column":29}},"loc":{"start":{"line":13,"column":2},"end":{"line":22,"column":1}},"line":13}},"branchMap":{"0":{"loc":{"start":{"line":14,"column":16},"end":{"line":14,"column":43}},"type":"binary-expr","locations":[{"start":{"line":14,"column":16},"end":{"line":14,"column":32}},{"start":{"line":14,"column":36},"end":{"line":14,"column":43}}],"line":14},"1":{"loc":{"start":{"line":17,"column":2},"end":{"line":21,"column":3}},"type":"if","locations":[{"start":{"line":17,"column":2},"end":{"line":21,"column":3}},{"start":{"line":19,"column":9},"end":{"line":21,"column":3}}],"line":17}},"s":{"0":16,"1":16,"2":16,"3":0,"4":16},"f":{"0":16},"b":{"0":[16,0],"1":[0,16]},"_coverageSchema":"1a1c01bbd47fc00a2c39e90264f33305004495a9","hash":"6aad072c7d00514ab9c81296731be2048bdde189"}
}
