TN:
SF:components/BackendSummaryCall.tsx
FN:34,schedulePushNotification
FN:51,BackendSummaryCall
FNF:2
FNH:1
FNDA:0,schedulePushNotification
FNDA:1,BackendSummaryCall
DA:4,1
DA:35,0
DA:37,0
DA:45,0
DA:56,1
DA:58,1
DA:59,1
DA:60,1
DA:63,0
DA:71,0
DA:72,0
DA:74,0
DA:75,0
DA:76,0
DA:84,0
DA:85,0
DA:86,0
DA:87,0
DA:88,0
DA:91,0
DA:92,0
DA:93,0
DA:95,0
DA:96,0
DA:97,0
DA:98,0
DA:101,0
DA:102,0
DA:105,0
DA:106,0
DA:107,0
DA:114,0
DA:115,0
DA:117,0
DA:119,0
DA:120,0
DA:121,0
LF:37
LH:5
BRDA:4,0,0,1
BRDA:4,0,1,1
BRDA:56,1,0,1
BRDA:56,1,1,0
BRDA:56,2,0,1
BRDA:56,2,1,1
BRDA:65,3,0,0
BRDA:65,3,1,0
BRDA:66,4,0,0
BRDA:66,4,1,0
BRDA:84,5,0,0
BRDA:84,5,1,0
BRDA:95,6,0,0
BRDA:95,6,1,0
BRDA:95,7,0,0
BRDA:95,7,1,0
BRDA:105,8,0,0
BRDA:105,8,1,0
BRDA:106,9,0,0
BRDA:106,9,1,0
BRDA:106,10,0,0
BRDA:106,10,1,0
BRDA:119,11,0,0
BRDA:119,11,1,0
BRF:24
BRH:5
end_of_record
TN:
SF:components/IncidentColoring.tsx
FN:6,IncidentColoring
FN:26,(anonymous_1)
FN:34,(anonymous_2)
FN:35,(anonymous_3)
FNF:4
FNH:4
FNDA:4,IncidentColoring
FNDA:6,(anonymous_1)
FNDA:3,(anonymous_2)
FNDA:3,(anonymous_3)
DA:7,4
DA:9,4
DA:11,4
DA:18,4
DA:26,4
DA:27,6
DA:28,6
DA:29,6
DA:30,6
DA:31,6
DA:34,4
DA:35,3
DA:36,3
DA:37,3
DA:38,6
DA:39,6
DA:40,6
DA:41,6
DA:42,6
DA:43,6
DA:45,6
DA:46,6
DA:48,6
DA:49,6
DA:52,6
DA:56,6
DA:57,6
DA:59,6
DA:61,0
DA:64,3
DA:67,3
DA:70,4
LF:32
LH:31
BRDA:27,0,0,6
BRDA:27,0,1,0
BRDA:28,1,0,6
BRDA:28,1,1,0
BRDA:29,2,0,6
BRDA:29,2,1,0
BRDA:31,3,0,6
BRDA:31,3,1,0
BRDA:38,4,0,0
BRDA:38,4,1,6
BRDA:43,5,0,0
BRDA:43,5,1,6
BRDA:48,6,0,6
BRDA:48,6,1,0
BRDA:52,7,0,0
BRDA:52,7,1,6
BRF:16
BRH:8
end_of_record
TN:
SF:components/ThemedText.tsx
FN:27,ThemedText
FN:37,(anonymous_1)
FNF:2
FNH:2
FNDA:15,ThemedText
FNDA:15,(anonymous_1)
DA:34,15
DA:35,15
DA:37,15
DA:38,15
DA:40,15
DA:41,15
DA:43,15
DA:96,15
DA:98,15
LF:9
LH:9
BRDA:31,0,0,1
BRDA:102,1,0,1
BRDA:102,1,1,14
BRDA:103,2,0,0
BRDA:103,2,1,15
BRDA:104,3,0,0
BRDA:104,3,1,15
BRDA:105,4,0,0
BRDA:105,4,1,15
BRDA:106,5,0,8
BRDA:106,5,1,7
BRDA:107,6,0,0
BRDA:107,6,1,15
BRDA:108,7,0,0
BRDA:108,7,1,15
BRDA:109,8,0,6
BRDA:109,8,1,9
BRDA:110,9,0,0
BRDA:110,9,1,15
BRF:19
BRH:13
end_of_record
TN:
SF:components/ThemedView.tsx
FN:17,ThemedView
FNF:1
FNH:1
FNDA:1,ThemedView
DA:23,1
DA:25,1
LF:2
LH:2
BRF:0
BRH:0
end_of_record
TN:
SF:components/ScreenComponents/Guidance.tsx
FN:5,(anonymous_0)
FN:8,(anonymous_1)
FN:9,(anonymous_2)
FNF:3
FNH:3
FNDA:3,(anonymous_0)
FNDA:1,(anonymous_1)
FNDA:1,(anonymous_2)
DA:5,1
DA:6,3
DA:8,3
DA:9,1
DA:12,3
LF:5
LH:5
BRF:0
BRH:0
end_of_record
TN:
SF:components/ScreenComponents/MeditationControls.tsx
FN:22,useAudioPlayback
FN:26,(anonymous_1)
FN:49,(anonymous_2)
FN:80,(anonymous_3)
FN:100,(anonymous_4)
FN:107,(anonymous_5)
FN:116,(anonymous_6)
FN:123,(anonymous_7)
FNF:8
FNH:8
FNDA:9,useAudioPlayback
FNDA:3,(anonymous_1)
FNDA:2,(anonymous_2)
FNDA:9,(anonymous_3)
FNDA:6,(anonymous_4)
FNDA:6,(anonymous_5)
FNDA:2,(anonymous_6)
FNDA:2,(anonymous_7)
DA:23,9
DA:24,9
DA:26,9
DA:27,3
DA:28,3
DA:29,3
DA:30,0
DA:31,0
DA:32,0
DA:33,0
DA:36,3
DA:37,1
DA:38,1
DA:39,1
DA:40,1
DA:42,0
DA:43,0
DA:44,0
DA:47,2
DA:48,2
DA:49,2
DA:50,2
DA:51,0
DA:52,0
DA:53,0
DA:55,0
DA:57,0
DA:58,0
DA:59,0
DA:62,2
DA:63,2
DA:64,2
DA:67,0
DA:71,9
DA:80,1
DA:86,9
DA:87,9
DA:89,9
DA:100,6
DA:108,6
DA:116,2
DA:124,2
LF:42
LH:27
BRDA:29,0,0,0
BRDA:29,0,1,3
BRDA:36,1,0,1
BRDA:36,1,1,2
BRDA:37,2,0,1
BRDA:37,2,1,0
BRDA:50,3,0,0
BRDA:50,3,1,2
BRDA:50,4,0,2
BRDA:50,4,1,2
BRDA:89,5,0,1
BRDA:89,5,1,8
BRDA:97,6,0,6
BRDA:97,6,1,2
BRDA:102,7,0,0
BRDA:102,7,1,6
BRDA:109,8,0,2
BRDA:109,8,1,4
BRDA:109,9,0,0
BRDA:109,9,1,2
BRDA:109,10,0,0
BRDA:109,10,1,4
BRDA:118,11,0,0
BRDA:118,11,1,2
BRDA:124,12,0,0
BRDA:124,12,1,2
BRF:26
BRH:18
end_of_record
TN:
SF:constants/Colors.ts
FNF:0
FNH:0
DA:1,4
DA:2,4
DA:4,4
LF:3
LH:3
BRF:0
BRH:0
end_of_record
TN:
SF:constants/StylesConstants.tsx
FN:3,(anonymous_0)
FNF:1
FNH:1
FNDA:9,(anonymous_0)
DA:3,1
DA:4,9
DA:5,9
DA:7,9
DA:9,9
DA:10,9
DA:12,9
LF:7
LH:7
BRDA:5,0,0,0
BRDA:5,0,1,9
BRDA:7,1,0,0
BRDA:7,1,1,9
BRDA:10,2,0,9
BRDA:10,2,1,0
BRF:6
BRH:3
end_of_record
TN:
SF:context/IncidentContext.tsx
FN:27,(anonymous_0)
FN:48,(anonymous_1)
FNF:2
FNH:2
FNDA:4,(anonymous_0)
FNDA:4,(anonymous_1)
DA:25,1
DA:27,1
DA:28,4
DA:29,4
DA:30,4
DA:32,4
DA:48,1
DA:49,4
DA:50,4
DA:51,0
DA:53,4
LF:11
LH:10
BRDA:50,0,0,0
BRDA:50,0,1,4
BRF:2
BRH:1
end_of_record
TN:
SF:hooks/useThemeColor.ts
FN:10,useThemeColor
FNF:1
FNH:1
FNDA:16,useThemeColor
DA:14,16
DA:15,16
DA:17,16
DA:18,0
DA:20,16
LF:5
LH:4
BRDA:14,0,0,16
BRDA:14,0,1,0
BRDA:17,1,0,0
BRDA:17,1,1,16
BRF:4
BRH:2
end_of_record
