TN:
SF:components/BackendMeditationCall.tsx
FN:34,(anonymous_0)
FN:43,(anonymous_1)
FN:66,BackendMeditationCall
FN:76,(anonymous_3)
FN:130,(anonymous_4)
FNF:5
FNH:5
FNDA:1,(anonymous_0)
FNDA:2,(anonymous_1)
FNDA:1,BackendMeditationCall
FNDA:1,(anonymous_3)
FNDA:1,(anonymous_4)
DA:34,1
DA:35,1
DA:43,1
DA:44,2
DA:45,0
DA:48,2
DA:49,2
DA:50,2
DA:51,2
DA:52,2
DA:54,1
DA:57,1
DA:59,1
DA:60,1
DA:73,1
DA:76,1
DA:77,1
DA:78,0
DA:81,1
DA:90,1
DA:91,1
DA:99,1
DA:100,0
DA:101,0
DA:102,0
DA:107,1
DA:109,1
DA:110,0
DA:114,0
DA:117,1
DA:118,1
DA:119,1
DA:120,1
DA:122,0
DA:123,0
DA:130,1
DA:131,1
DA:132,1
DA:133,0
DA:134,0
DA:135,0
DA:136,0
DA:138,0
DA:139,0
DA:140,0
DA:141,0
DA:142,0
DA:144,1
DA:145,1
DA:146,1
DA:149,1
DA:150,1
DA:152,0
DA:153,0
LF:54
LH:34
BRDA:44,0,0,0
BRDA:44,0,1,2
BRDA:44,1,0,2
BRDA:44,1,1,2
BRDA:48,2,0,2
BRDA:48,2,1,0
BRDA:49,3,0,2
BRDA:49,3,1,0
BRDA:50,4,0,2
BRDA:50,4,1,0
BRDA:51,5,0,2
BRDA:51,5,1,0
BRDA:52,6,0,2
BRDA:52,6,1,0
BRDA:57,7,0,1
BRDA:57,7,1,1
BRDA:59,8,0,1
BRDA:59,8,1,0
BRDA:77,9,0,0
BRDA:77,9,1,1
BRDA:99,10,0,0
BRDA:99,10,1,1
BRDA:109,11,0,0
BRDA:109,11,1,1
BRDA:109,12,0,1
BRDA:109,12,1,1
BRDA:119,13,0,1
BRDA:119,13,1,0
BRDA:132,14,0,0
BRDA:132,14,1,1
BRF:30
BRH:18
end_of_record
